<?xml version="1.0" encoding="UTF-8"?>
<!-- Generated by org.testng.reporters.JUnitReportReporter -->
<testsuite hostname="Timon" failures="0" tests="1" name="testCase2.AddToCartTestNG" time="0.792" errors="0" timestamp="09 May 2024 06:52:41 GMT" skipped="0">
  <testcase classname="testCase2.AddToCartTestNG" name="method3" time="0.792"/>
</testsuite> <!-- testCase2.AddToCartTestNG -->
