<?xml version="1.0" encoding="UTF-8"?>
<!-- Generated by org.testng.reporters.JUnitReportReporter -->
<testsuite hostname="Timon" failures="0" tests="1" name="testCase4.SocialIconsTestNG" time="4.008" errors="0" timestamp="09 May 2024 07:57:12 GMT" skipped="0">
  <testcase classname="testCase4.SocialIconsTestNG" name="method3" time="4.008"/>
</testsuite> <!-- testCase4.SocialIconsTestNG -->
