<?xml version="1.0" encoding="UTF-8"?>
<!-- Generated by org.testng.reporters.JUnitReportReporter -->
<testsuite hostname="Timon" failures="0" tests="1" name="testCase1.SucessfulLoginTestNg" time="3.812" errors="0" timestamp="18 Jun 2024 05:26:00 GMT" skipped="0">
  <testcase classname="testCase1.SucessfulLoginTestNg" name="m3" time="3.812"/>
</testsuite> <!-- testCase1.SucessfulLoginTestNg -->
