<?xml version="1.0" encoding="UTF-8"?>
<!-- Generated by org.testng.reporters.JUnitReportReporter -->
<testsuite hostname="Timon" failures="0" tests="1" name="testCase9.FilterTestNG" time="0.827" errors="0" timestamp="09 May 2024 08:13:20 GMT" skipped="0">
  <testcase classname="testCase9.FilterTestNG" name="method3" time="0.827"/>
</testsuite> <!-- testCase9.FilterTestNG -->
