<?xml version="1.0" encoding="UTF-8"?>
<!-- Generated by org.testng.reporters.JUnitReportReporter -->
<testsuite hostname="Timon" failures="0" tests="1" name="testCase8.InvalidLoginTestNG" time="0.579" errors="0" timestamp="09 May 2024 08:12:05 GMT" skipped="0">
  <testcase classname="testCase8.InvalidLoginTestNG" name="method3" time="0.579"/>
</testsuite> <!-- testCase8.InvalidLoginTestNG -->
