<?xml version="1.0" encoding="UTF-8"?>
<!-- Generated by org.testng.reporters.JUnitReportReporter -->
<testsuite hostname="Timon" failures="0" tests="1" name="testCase10.CheckoutItemsTestNG" time="1.154" errors="0" timestamp="09 May 2024 06:49:35 GMT" skipped="0">
  <testcase classname="testCase10.CheckoutItemsTestNG" name="method3" time="1.154"/>
</testsuite> <!-- testCase10.CheckoutItemsTestNG -->
