<?xml version="1.0" encoding="UTF-8"?>
<!-- Generated by org.testng.reporters.JUnitReportReporter -->
<testsuite hostname="Timon" failures="0" tests="1" name="testCase6.ScreenshotTestNG" time="0.986" errors="0" timestamp="09 May 2024 08:05:03 GMT" skipped="0">
  <testcase classname="testCase6.ScreenshotTestNG" name="method3" time="0.986"/>
</testsuite> <!-- testCase6.ScreenshotTestNG -->
