<?xml version="1.0" encoding="UTF-8"?>
<!-- Generated by org.testng.reporters.JUnitReportReporter -->
<testsuite hostname="Timon" failures="0" tests="1" name="testCase3.SelectItemTestNG" time="0.816" errors="0" timestamp="09 May 2024 06:58:02 GMT" skipped="0">
  <testcase classname="testCase3.SelectItemTestNG" name="method3" time="0.816"/>
</testsuite> <!-- testCase3.SelectItemTestNG -->
