<?xml version="1.0" encoding="UTF-8"?>
<!-- Generated by org.testng.reporters.JUnitReportReporter -->
<testsuite hostname="Timon" failures="0" tests="1" name="testCase7.NavigateTestNG" time="0.867" errors="0" timestamp="09 May 2024 08:08:04 GMT" skipped="0">
  <testcase classname="testCase7.NavigateTestNG" name="method3" time="0.867"/>
</testsuite> <!-- testCase7.NavigateTestNG -->
