<?xml version="1.0" encoding="UTF-8"?>
<!-- Generated by org.testng.reporters.JUnitReportReporter -->
<testsuite hostname="Timon" failures="0" tests="1" name="testCase5.AboutTestNG" time="0.634" errors="0" timestamp="09 May 2024 08:01:22 GMT" skipped="0">
  <testcase classname="testCase5.AboutTestNG" name="method3" time="0.634"/>
</testsuite> <!-- testCase5.AboutTestNG -->
